 ⨯ Failed to start server
Error: listen EADDRINUSE: address already in use :::3000
    at <unknown> (Error: listen EADDRINUSE: address already in use :::3000)
    at new Promise (<anonymous>) {
  code: 'EADDRINUSE',
  errno: -98,
  syscall: 'listen',
  address: '::',
  port: 3000
}
 ⨯ Failed to start server
Error: listen EADDRINUSE: address already in use :::3000
    at <unknown> (Error: listen EADDRINUSE: address already in use :::3000)
    at new Promise (<anonymous>) {
  code: 'EADDRINUSE',
  errno: -98,
  syscall: 'listen',
  address: '::',
  port: 3000
}
 ⨯ Failed to start server
Error: listen EADDRINUSE: address already in use :::3000
    at <unknown> (Error: listen EADDRINUSE: address already in use :::3000)
    at new Promise (<anonymous>) {
  code: 'EADDRINUSE',
  errno: -98,
  syscall: 'listen',
  address: '::',
  port: 3000
}
 ⨯ Failed to start server
Error: listen EADDRINUSE: address already in use :::3000
    at <unknown> (Error: listen EADDRINUSE: address already in use :::3000)
    at new Promise (<anonymous>) {
  code: 'EADDRINUSE',
  errno: -98,
  syscall: 'listen',
  address: '::',
  port: 3000
}
 ⨯ Failed to start server
Error: listen EADDRINUSE: address already in use :::3000
    at <unknown> (Error: listen EADDRINUSE: address already in use :::3000)
    at new Promise (<anonymous>) {
  code: 'EADDRINUSE',
  errno: -98,
  syscall: 'listen',
  address: '::',
  port: 3000
}
 ⨯ Failed to start server
Error: listen EADDRINUSE: address already in use :::3000
    at <unknown> (Error: listen EADDRINUSE: address already in use :::3000)
    at new Promise (<anonymous>) {
  code: 'EADDRINUSE',
  errno: -98,
  syscall: 'listen',
  address: '::',
  port: 3000
}
 ⨯ Failed to start server
Error: listen EADDRINUSE: address already in use :::3000
    at <unknown> (Error: listen EADDRINUSE: address already in use :::3000)
    at new Promise (<anonymous>) {
  code: 'EADDRINUSE',
  errno: -98,
  syscall: 'listen',
  address: '::',
  port: 3000
}
 ⨯ Failed to start server
Error: listen EADDRINUSE: address already in use :::3000
    at <unknown> (Error: listen EADDRINUSE: address already in use :::3000)
    at new Promise (<anonymous>) {
  code: 'EADDRINUSE',
  errno: -98,
  syscall: 'listen',
  address: '::',
  port: 3000
}
 ⨯ Failed to start server
Error: listen EADDRINUSE: address already in use :::3000
    at <unknown> (Error: listen EADDRINUSE: address already in use :::3000)
    at new Promise (<anonymous>) {
  code: 'EADDRINUSE',
  errno: -98,
  syscall: 'listen',
  address: '::',
  port: 3000
}
 ⨯ Failed to start server
Error: listen EADDRINUSE: address already in use :::3000
    at <unknown> (Error: listen EADDRINUSE: address already in use :::3000)
    at new Promise (<anonymous>) {
  code: 'EADDRINUSE',
  errno: -98,
  syscall: 'listen',
  address: '::',
  port: 3000
}
 ⨯ Failed to start server
Error: listen EADDRINUSE: address already in use :::3000
    at <unknown> (Error: listen EADDRINUSE: address already in use :::3000)
    at new Promise (<anonymous>) {
  code: 'EADDRINUSE',
  errno: -98,
  syscall: 'listen',
  address: '::',
  port: 3000
}
 ⨯ Failed to start server
Error: listen EADDRINUSE: address already in use :::3000
    at <unknown> (Error: listen EADDRINUSE: address already in use :::3000)
    at new Promise (<anonymous>) {
  code: 'EADDRINUSE',
  errno: -98,
  syscall: 'listen',
  address: '::',
  port: 3000
}
 ⨯ Failed to start server
Error: listen EADDRINUSE: address already in use :::3000
    at <unknown> (Error: listen EADDRINUSE: address already in use :::3000)
    at new Promise (<anonymous>) {
  code: 'EADDRINUSE',
  errno: -98,
  syscall: 'listen',
  address: '::',
  port: 3000
}
 ⨯ Failed to start server
Error: listen EADDRINUSE: address already in use :::3000
    at <unknown> (Error: listen EADDRINUSE: address already in use :::3000)
    at new Promise (<anonymous>) {
  code: 'EADDRINUSE',
  errno: -98,
  syscall: 'listen',
  address: '::',
  port: 3000
}
 ⨯ Failed to start server
Error: listen EADDRINUSE: address already in use :::3000
    at <unknown> (Error: listen EADDRINUSE: address already in use :::3000)
    at new Promise (<anonymous>) {
  code: 'EADDRINUSE',
  errno: -98,
  syscall: 'listen',
  address: '::',
  port: 3000
}
 ⨯ Failed to start server
Error: listen EADDRINUSE: address already in use :::3000
    at <unknown> (Error: listen EADDRINUSE: address already in use :::3000)
    at new Promise (<anonymous>) {
  code: 'EADDRINUSE',
  errno: -98,
  syscall: 'listen',
  address: '::',
  port: 3000
}
 ⨯ Failed to start server
Error: listen EADDRINUSE: address already in use :::3000
    at <unknown> (Error: listen EADDRINUSE: address already in use :::3000)
    at new Promise (<anonymous>) {
  code: 'EADDRINUSE',
  errno: -98,
  syscall: 'listen',
  address: '::',
  port: 3000
}
 ⨯ Failed to start server
Error: listen EADDRINUSE: address already in use :::3000
    at <unknown> (Error: listen EADDRINUSE: address already in use :::3000)
    at new Promise (<anonymous>) {
  code: 'EADDRINUSE',
  errno: -98,
  syscall: 'listen',
  address: '::',
  port: 3000
}
 ⨯ Failed to start server
Error: listen EADDRINUSE: address already in use :::3000
    at <unknown> (Error: listen EADDRINUSE: address already in use :::3000)
    at new Promise (<anonymous>) {
  code: 'EADDRINUSE',
  errno: -98,
  syscall: 'listen',
  address: '::',
  port: 3000
}
 ⨯ Failed to start server
Error: listen EADDRINUSE: address already in use :::3000
    at <unknown> (Error: listen EADDRINUSE: address already in use :::3000)
    at new Promise (<anonymous>) {
  code: 'EADDRINUSE',
  errno: -98,
  syscall: 'listen',
  address: '::',
  port: 3000
}
 ⨯ Failed to start server
Error: listen EADDRINUSE: address already in use :::3000
    at <unknown> (Error: listen EADDRINUSE: address already in use :::3000)
    at new Promise (<anonymous>) {
  code: 'EADDRINUSE',
  errno: -98,
  syscall: 'listen',
  address: '::',
  port: 3000
}
 ⨯ Failed to start server
Error: listen EADDRINUSE: address already in use :::3000
    at <unknown> (Error: listen EADDRINUSE: address already in use :::3000)
    at new Promise (<anonymous>) {
  code: 'EADDRINUSE',
  errno: -98,
  syscall: 'listen',
  address: '::',
  port: 3000
}
 ⨯ Failed to start server
Error: listen EADDRINUSE: address already in use :::3000
    at <unknown> (Error: listen EADDRINUSE: address already in use :::3000)
    at new Promise (<anonymous>) {
  code: 'EADDRINUSE',
  errno: -98,
  syscall: 'listen',
  address: '::',
  port: 3000
}
 ⨯ Failed to start server
Error: listen EADDRINUSE: address already in use :::3000
    at <unknown> (Error: listen EADDRINUSE: address already in use :::3000)
    at new Promise (<anonymous>) {
  code: 'EADDRINUSE',
  errno: -98,
  syscall: 'listen',
  address: '::',
  port: 3000
}
 ⨯ Failed to start server
Error: listen EADDRINUSE: address already in use :::3000
    at <unknown> (Error: listen EADDRINUSE: address already in use :::3000)
    at new Promise (<anonymous>) {
  code: 'EADDRINUSE',
  errno: -98,
  syscall: 'listen',
  address: '::',
  port: 3000
}
 ⨯ Failed to start server
Error: listen EADDRINUSE: address already in use :::3000
    at <unknown> (Error: listen EADDRINUSE: address already in use :::3000)
    at new Promise (<anonymous>) {
  code: 'EADDRINUSE',
  errno: -98,
  syscall: 'listen',
  address: '::',
  port: 3000
}
 ⨯ Failed to start server
Error: listen EADDRINUSE: address already in use :::3000
    at <unknown> (Error: listen EADDRINUSE: address already in use :::3000)
    at new Promise (<anonymous>) {
  code: 'EADDRINUSE',
  errno: -98,
  syscall: 'listen',
  address: '::',
  port: 3000
}
 ⨯ Failed to start server
Error: listen EADDRINUSE: address already in use :::3000
    at <unknown> (Error: listen EADDRINUSE: address already in use :::3000)
    at new Promise (<anonymous>) {
  code: 'EADDRINUSE',
  errno: -98,
  syscall: 'listen',
  address: '::',
  port: 3000
}
[next-auth][error][JWT_SESSION_ERROR] 
https://next-auth.js.org/errors#jwt_session_error decryption operation failed {
  message: 'decryption operation failed',
  stack: 'h: decryption operation failed\n' +
    '    at /home/tarcin/hackathon-system-hackpy/.next/server/chunks/8858.js:1:93290\n' +
    '    at b.default (/home/tarcin/hackathon-system-hackpy/.next/server/chunks/8858.js:1:93317)\n' +
    '    at b.flattenedDecrypt (/home/tarcin/hackathon-system-hackpy/.next/server/chunks/8858.js:10:70888)\n' +
    '    at async b.compactDecrypt (/home/tarcin/hackathon-system-hackpy/.next/server/chunks/8858.js:1:12188)\n' +
    '    at async b.jwtDecrypt (/home/tarcin/hackathon-system-hackpy/.next/server/chunks/8858.js:18:6072)\n' +
    '    at async Object.l [as decode] (/home/tarcin/hackathon-system-hackpy/.next/server/chunks/8858.js:10:27124)\n' +
    '    at async Object.e (/home/tarcin/hackathon-system-hackpy/.next/server/chunks/8858.js:10:49031)\n' +
    '    at async q (/home/tarcin/hackathon-system-hackpy/.next/server/chunks/8858.js:10:35117)\n' +
    '    at async h (/home/tarcin/hackathon-system-hackpy/.next/server/chunks/8858.js:1:2932)\n' +
    '    at async q (/home/tarcin/hackathon-system-hackpy/.next/server/app/page.js:2:9494)',
  name: 'h'
}
[next-auth][error][JWT_SESSION_ERROR] 
https://next-auth.js.org/errors#jwt_session_error decryption operation failed {
  message: 'decryption operation failed',
  stack: 'h: decryption operation failed\n' +
    '    at /home/tarcin/hackathon-system-hackpy/.next/server/chunks/8858.js:1:93290\n' +
    '    at b.default (/home/tarcin/hackathon-system-hackpy/.next/server/chunks/8858.js:1:93317)\n' +
    '    at b.flattenedDecrypt (/home/tarcin/hackathon-system-hackpy/.next/server/chunks/8858.js:10:70888)\n' +
    '    at async b.compactDecrypt (/home/tarcin/hackathon-system-hackpy/.next/server/chunks/8858.js:1:12188)\n' +
    '    at async b.jwtDecrypt (/home/tarcin/hackathon-system-hackpy/.next/server/chunks/8858.js:18:6072)\n' +
    '    at async Object.l [as decode] (/home/tarcin/hackathon-system-hackpy/.next/server/chunks/8858.js:10:27124)\n' +
    '    at async Object.e (/home/tarcin/hackathon-system-hackpy/.next/server/chunks/8858.js:10:49031)\n' +
    '    at async q (/home/tarcin/hackathon-system-hackpy/.next/server/chunks/8858.js:10:35117)\n' +
    '    at async h (/home/tarcin/hackathon-system-hackpy/.next/server/chunks/8858.js:1:2932)\n' +
    '    at async l (/home/tarcin/hackathon-system-hackpy/.next/server/chunks/801.js:1:11446)',
  name: 'h'
}
[next-auth][error][JWT_SESSION_ERROR] 
https://next-auth.js.org/errors#jwt_session_error decryption operation failed {
  message: 'decryption operation failed',
  stack: 'h: decryption operation failed\n' +
    '    at /home/tarcin/hackathon-system-hackpy/.next/server/chunks/8858.js:1:93290\n' +
    '    at b.default (/home/tarcin/hackathon-system-hackpy/.next/server/chunks/8858.js:1:93317)\n' +
    '    at b.flattenedDecrypt (/home/tarcin/hackathon-system-hackpy/.next/server/chunks/8858.js:10:70888)\n' +
    '    at async b.compactDecrypt (/home/tarcin/hackathon-system-hackpy/.next/server/chunks/8858.js:1:12188)\n' +
    '    at async b.jwtDecrypt (/home/tarcin/hackathon-system-hackpy/.next/server/chunks/8858.js:18:6072)\n' +
    '    at async Object.l [as decode] (/home/tarcin/hackathon-system-hackpy/.next/server/chunks/8858.js:10:27124)\n' +
    '    at async Object.e (/home/tarcin/hackathon-system-hackpy/.next/server/chunks/8858.js:10:49031)\n' +
    '    at async q (/home/tarcin/hackathon-system-hackpy/.next/server/chunks/8858.js:10:35117)\n' +
    '    at async h (/home/tarcin/hackathon-system-hackpy/.next/server/chunks/8858.js:1:2932)\n' +
    '    at async q (/home/tarcin/hackathon-system-hackpy/.next/server/app/page.js:2:9494)',
  name: 'h'
}
[next-auth][error][JWT_SESSION_ERROR] 
https://next-auth.js.org/errors#jwt_session_error decryption operation failed {
  message: 'decryption operation failed',
  stack: 'h: decryption operation failed\n' +
    '    at /home/tarcin/hackathon-system-hackpy/.next/server/chunks/8858.js:1:93290\n' +
    '    at b.default (/home/tarcin/hackathon-system-hackpy/.next/server/chunks/8858.js:1:93317)\n' +
    '    at b.flattenedDecrypt (/home/tarcin/hackathon-system-hackpy/.next/server/chunks/8858.js:10:70888)\n' +
    '    at async b.compactDecrypt (/home/tarcin/hackathon-system-hackpy/.next/server/chunks/8858.js:1:12188)\n' +
    '    at async b.jwtDecrypt (/home/tarcin/hackathon-system-hackpy/.next/server/chunks/8858.js:18:6072)\n' +
    '    at async Object.l [as decode] (/home/tarcin/hackathon-system-hackpy/.next/server/chunks/8858.js:10:27124)\n' +
    '    at async Object.e (/home/tarcin/hackathon-system-hackpy/.next/server/chunks/8858.js:10:49031)\n' +
    '    at async q (/home/tarcin/hackathon-system-hackpy/.next/server/chunks/8858.js:10:35117)\n' +
    '    at async h (/home/tarcin/hackathon-system-hackpy/.next/server/chunks/8858.js:1:2932)\n' +
    '    at async l (/home/tarcin/hackathon-system-hackpy/.next/server/chunks/801.js:1:11446)',
  name: 'h'
}
[next-auth][error][JWT_SESSION_ERROR] 
https://next-auth.js.org/errors#jwt_session_error decryption operation failed {
  message: 'decryption operation failed',
  stack: 'h: decryption operation failed\n' +
    '    at /home/tarcin/hackathon-system-hackpy/.next/server/chunks/8858.js:1:93290\n' +
    '    at b.default (/home/tarcin/hackathon-system-hackpy/.next/server/chunks/8858.js:1:93317)\n' +
    '    at b.flattenedDecrypt (/home/tarcin/hackathon-system-hackpy/.next/server/chunks/8858.js:10:70888)\n' +
    '    at async b.compactDecrypt (/home/tarcin/hackathon-system-hackpy/.next/server/chunks/8858.js:1:12188)\n' +
    '    at async b.jwtDecrypt (/home/tarcin/hackathon-system-hackpy/.next/server/chunks/8858.js:18:6072)\n' +
    '    at async Object.l [as decode] (/home/tarcin/hackathon-system-hackpy/.next/server/chunks/8858.js:10:27124)\n' +
    '    at async Object.e (/home/tarcin/hackathon-system-hackpy/.next/server/chunks/8858.js:10:49031)\n' +
    '    at async q (/home/tarcin/hackathon-system-hackpy/.next/server/chunks/8858.js:10:35117)\n' +
    '    at async h (/home/tarcin/hackathon-system-hackpy/.next/server/chunks/8858.js:1:2932)\n' +
    '    at async q (/home/tarcin/hackathon-system-hackpy/.next/server/app/page.js:2:9494)',
  name: 'h'
}
[next-auth][error][JWT_SESSION_ERROR] 
https://next-auth.js.org/errors#jwt_session_error decryption operation failed {
  message: 'decryption operation failed',
  stack: 'h: decryption operation failed\n' +
    '    at /home/tarcin/hackathon-system-hackpy/.next/server/chunks/8858.js:1:93290\n' +
    '    at b.default (/home/tarcin/hackathon-system-hackpy/.next/server/chunks/8858.js:1:93317)\n' +
    '    at b.flattenedDecrypt (/home/tarcin/hackathon-system-hackpy/.next/server/chunks/8858.js:10:70888)\n' +
    '    at async b.compactDecrypt (/home/tarcin/hackathon-system-hackpy/.next/server/chunks/8858.js:1:12188)\n' +
    '    at async b.jwtDecrypt (/home/tarcin/hackathon-system-hackpy/.next/server/chunks/8858.js:18:6072)\n' +
    '    at async Object.l [as decode] (/home/tarcin/hackathon-system-hackpy/.next/server/chunks/8858.js:10:27124)\n' +
    '    at async Object.e (/home/tarcin/hackathon-system-hackpy/.next/server/chunks/8858.js:10:49031)\n' +
    '    at async q (/home/tarcin/hackathon-system-hackpy/.next/server/chunks/8858.js:10:35117)\n' +
    '    at async h (/home/tarcin/hackathon-system-hackpy/.next/server/chunks/8858.js:1:2932)\n' +
    '    at async l (/home/tarcin/hackathon-system-hackpy/.next/server/chunks/801.js:1:11446)',
  name: 'h'
}
[Prisma] Client error: 
Invalid `prisma.evaluationDispatchJob.upsert()` invocation:


The table `public.EvaluationDispatchJob` does not exist in the current database. | target: evaluationDispatchJob.upsert
[Unstick] Error: Error [PrismaClientKnownRequestError]: 
Invalid `prisma.evaluationDispatchJob.upsert()` invocation:


The table `public.EvaluationDispatchJob` does not exist in the current database.
    at async (.next/server/app/api/admin/unstick/route.js:1:4899)
    at async D (.next/server/app/api/admin/unstick/route.js:1:4800)
    at async k (.next/server/app/api/admin/unstick/route.js:1:9191) {
  code: 'P2021',
  clientVersion: '5.22.0',
  meta: [Object]
}
[Prisma] Client error: 
Invalid `prisma.evaluationDispatchJob.upsert()` invocation:


The table `public.EvaluationDispatchJob` does not exist in the current database. | target: evaluationDispatchJob.upsert
[Unstick] Error: Error [PrismaClientKnownRequestError]: 
Invalid `prisma.evaluationDispatchJob.upsert()` invocation:


The table `public.EvaluationDispatchJob` does not exist in the current database.
    at async (.next/server/app/api/admin/unstick/route.js:1:4899)
    at async D (.next/server/app/api/admin/unstick/route.js:1:4800)
    at async k (.next/server/app/api/admin/unstick/route.js:1:9191) {
  code: 'P2021',
  clientVersion: '5.22.0',
  meta: [Object]
}
[Unstick] Error: [TypeError: fetch failed] {
  [cause]: Error: connect ECONNREFUSED 127.0.0.1:4100
      at <unknown> (Error: connect ECONNREFUSED 127.0.0.1:4100) {
    errno: -111,
    code: 'ECONNREFUSED',
    syscall: 'connect',
    address: '127.0.0.1',
    port: 4100
  }
}
[next-auth][error][JWT_SESSION_ERROR] 
https://next-auth.js.org/errors#jwt_session_error decryption operation failed {
  message: 'decryption operation failed',
  stack: 'h: decryption operation failed\n' +
    '    at /home/tarcin/hackathon-system-hackpy/.next/server/chunks/8858.js:1:93290\n' +
    '    at b.default (/home/tarcin/hackathon-system-hackpy/.next/server/chunks/8858.js:1:93317)\n' +
    '    at b.flattenedDecrypt (/home/tarcin/hackathon-system-hackpy/.next/server/chunks/8858.js:10:70888)\n' +
    '    at async b.compactDecrypt (/home/tarcin/hackathon-system-hackpy/.next/server/chunks/8858.js:1:12188)\n' +
    '    at async b.jwtDecrypt (/home/tarcin/hackathon-system-hackpy/.next/server/chunks/8858.js:18:6072)\n' +
    '    at async Object.l [as decode] (/home/tarcin/hackathon-system-hackpy/.next/server/chunks/8858.js:10:27124)\n' +
    '    at async Object.e (/home/tarcin/hackathon-system-hackpy/.next/server/chunks/8858.js:10:49031)\n' +
    '    at async q (/home/tarcin/hackathon-system-hackpy/.next/server/chunks/8858.js:10:35117)\n' +
    '    at async h (/home/tarcin/hackathon-system-hackpy/.next/server/chunks/8858.js:1:2932)\n' +
    '    at async q (/home/tarcin/hackathon-system-hackpy/.next/server/app/page.js:2:9494)',
  name: 'h'
}
[next-auth][error][JWT_SESSION_ERROR] 
https://next-auth.js.org/errors#jwt_session_error decryption operation failed {
  message: 'decryption operation failed',
  stack: 'h: decryption operation failed\n' +
    '    at /home/tarcin/hackathon-system-hackpy/.next/server/chunks/8858.js:1:93290\n' +
    '    at b.default (/home/tarcin/hackathon-system-hackpy/.next/server/chunks/8858.js:1:93317)\n' +
    '    at b.flattenedDecrypt (/home/tarcin/hackathon-system-hackpy/.next/server/chunks/8858.js:10:70888)\n' +
    '    at async b.compactDecrypt (/home/tarcin/hackathon-system-hackpy/.next/server/chunks/8858.js:1:12188)\n' +
    '    at async b.jwtDecrypt (/home/tarcin/hackathon-system-hackpy/.next/server/chunks/8858.js:18:6072)\n' +
    '    at async Object.l [as decode] (/home/tarcin/hackathon-system-hackpy/.next/server/chunks/8858.js:10:27124)\n' +
    '    at async Object.e (/home/tarcin/hackathon-system-hackpy/.next/server/chunks/8858.js:10:49031)\n' +
    '    at async q (/home/tarcin/hackathon-system-hackpy/.next/server/chunks/8858.js:10:35117)\n' +
    '    at async h (/home/tarcin/hackathon-system-hackpy/.next/server/chunks/8858.js:1:2932)\n' +
    '    at async l (/home/tarcin/hackathon-system-hackpy/.next/server/chunks/801.js:1:11446)',
  name: 'h'
}
[next-auth][error][JWT_SESSION_ERROR] 
https://next-auth.js.org/errors#jwt_session_error decryption operation failed {
  message: 'decryption operation failed',
  stack: 'h: decryption operation failed\n' +
    '    at /home/tarcin/hackathon-system-hackpy/.next/server/chunks/8858.js:1:93290\n' +
    '    at b.default (/home/tarcin/hackathon-system-hackpy/.next/server/chunks/8858.js:1:93317)\n' +
    '    at b.flattenedDecrypt (/home/tarcin/hackathon-system-hackpy/.next/server/chunks/8858.js:10:70888)\n' +
    '    at async b.compactDecrypt (/home/tarcin/hackathon-system-hackpy/.next/server/chunks/8858.js:1:12188)\n' +
    '    at async b.jwtDecrypt (/home/tarcin/hackathon-system-hackpy/.next/server/chunks/8858.js:18:6072)\n' +
    '    at async Object.l [as decode] (/home/tarcin/hackathon-system-hackpy/.next/server/chunks/8858.js:10:27124)\n' +
    '    at async Object.e (/home/tarcin/hackathon-system-hackpy/.next/server/chunks/8858.js:10:49031)\n' +
    '    at async q (/home/tarcin/hackathon-system-hackpy/.next/server/chunks/8858.js:10:35117)\n' +
    '    at async h (/home/tarcin/hackathon-system-hackpy/.next/server/chunks/8858.js:1:2932)\n' +
    '    at async l (/home/tarcin/hackathon-system-hackpy/.next/server/chunks/801.js:1:11446)',
  name: 'h'
}
[next-auth][error][JWT_SESSION_ERROR] 
https://next-auth.js.org/errors#jwt_session_error decryption operation failed {
  message: 'decryption operation failed',
  stack: 'h: decryption operation failed\n' +
    '    at /home/tarcin/hackathon-system-hackpy/.next/server/chunks/8858.js:1:93290\n' +
    '    at b.default (/home/tarcin/hackathon-system-hackpy/.next/server/chunks/8858.js:1:93317)\n' +
    '    at b.flattenedDecrypt (/home/tarcin/hackathon-system-hackpy/.next/server/chunks/8858.js:10:70888)\n' +
    '    at async b.compactDecrypt (/home/tarcin/hackathon-system-hackpy/.next/server/chunks/8858.js:1:12188)\n' +
    '    at async b.jwtDecrypt (/home/tarcin/hackathon-system-hackpy/.next/server/chunks/8858.js:18:6072)\n' +
    '    at async Object.l [as decode] (/home/tarcin/hackathon-system-hackpy/.next/server/chunks/8858.js:10:27124)\n' +
    '    at async Object.e (/home/tarcin/hackathon-system-hackpy/.next/server/chunks/8858.js:10:49031)\n' +
    '    at async q (/home/tarcin/hackathon-system-hackpy/.next/server/chunks/8858.js:10:35117)\n' +
    '    at async h (/home/tarcin/hackathon-system-hackpy/.next/server/chunks/8858.js:1:2932)\n' +
    '    at async q (/home/tarcin/hackathon-system-hackpy/.next/server/app/page.js:2:9494)',
  name: 'h'
}
[next-auth][error][JWT_SESSION_ERROR] 
https://next-auth.js.org/errors#jwt_session_error decryption operation failed {
  message: 'decryption operation failed',
  stack: 'h: decryption operation failed\n' +
    '    at /home/tarcin/hackathon-system-hackpy/.next/server/chunks/8858.js:1:93290\n' +
    '    at b.default (/home/tarcin/hackathon-system-hackpy/.next/server/chunks/8858.js:1:93317)\n' +
    '    at b.flattenedDecrypt (/home/tarcin/hackathon-system-hackpy/.next/server/chunks/8858.js:10:70888)\n' +
    '    at async b.compactDecrypt (/home/tarcin/hackathon-system-hackpy/.next/server/chunks/8858.js:1:12188)\n' +
    '    at async b.jwtDecrypt (/home/tarcin/hackathon-system-hackpy/.next/server/chunks/8858.js:18:6072)\n' +
    '    at async Object.l [as decode] (/home/tarcin/hackathon-system-hackpy/.next/server/chunks/8858.js:10:27124)\n' +
    '    at async Object.e (/home/tarcin/hackathon-system-hackpy/.next/server/chunks/8858.js:10:49031)\n' +
    '    at async q (/home/tarcin/hackathon-system-hackpy/.next/server/chunks/8858.js:10:35117)\n' +
    '    at async h (/home/tarcin/hackathon-system-hackpy/.next/server/chunks/8858.js:1:2932)\n' +
    '    at async w (/home/tarcin/hackathon-system-hackpy/.next/server/app/leaderboard/page.js:1:8658)',
  name: 'h'
}
[next-auth][error][JWT_SESSION_ERROR] 
https://next-auth.js.org/errors#jwt_session_error decryption operation failed {
  message: 'decryption operation failed',
  stack: 'h: decryption operation failed\n' +
    '    at /home/tarcin/hackathon-system-hackpy/.next/server/chunks/8858.js:1:93290\n' +
    '    at b.default (/home/tarcin/hackathon-system-hackpy/.next/server/chunks/8858.js:1:93317)\n' +
    '    at b.flattenedDecrypt (/home/tarcin/hackathon-system-hackpy/.next/server/chunks/8858.js:10:70888)\n' +
    '    at async b.compactDecrypt (/home/tarcin/hackathon-system-hackpy/.next/server/chunks/8858.js:1:12188)\n' +
    '    at async b.jwtDecrypt (/home/tarcin/hackathon-system-hackpy/.next/server/chunks/8858.js:18:6072)\n' +
    '    at async Object.l [as decode] (/home/tarcin/hackathon-system-hackpy/.next/server/chunks/8858.js:10:27124)\n' +
    '    at async Object.e (/home/tarcin/hackathon-system-hackpy/.next/server/chunks/8858.js:10:49031)\n' +
    '    at async q (/home/tarcin/hackathon-system-hackpy/.next/server/chunks/8858.js:10:35117)\n' +
    '    at async h (/home/tarcin/hackathon-system-hackpy/.next/server/chunks/8858.js:1:2932)\n' +
    '    at async q (/home/tarcin/hackathon-system-hackpy/.next/server/app/page.js:2:9494)',
  name: 'h'
}
[next-auth][error][JWT_SESSION_ERROR] 
https://next-auth.js.org/errors#jwt_session_error decryption operation failed {
  message: 'decryption operation failed',
  stack: 'h: decryption operation failed\n' +
    '    at /home/tarcin/hackathon-system-hackpy/.next/server/chunks/8858.js:1:93290\n' +
    '    at b.default (/home/tarcin/hackathon-system-hackpy/.next/server/chunks/8858.js:1:93317)\n' +
    '    at b.flattenedDecrypt (/home/tarcin/hackathon-system-hackpy/.next/server/chunks/8858.js:10:70888)\n' +
    '    at async b.compactDecrypt (/home/tarcin/hackathon-system-hackpy/.next/server/chunks/8858.js:1:12188)\n' +
    '    at async b.jwtDecrypt (/home/tarcin/hackathon-system-hackpy/.next/server/chunks/8858.js:18:6072)\n' +
    '    at async Object.l [as decode] (/home/tarcin/hackathon-system-hackpy/.next/server/chunks/8858.js:10:27124)\n' +
    '    at async Object.e (/home/tarcin/hackathon-system-hackpy/.next/server/chunks/8858.js:10:49031)\n' +
    '    at async q (/home/tarcin/hackathon-system-hackpy/.next/server/chunks/8858.js:10:35117)\n' +
    '    at async h (/home/tarcin/hackathon-system-hackpy/.next/server/chunks/8858.js:1:2932)\n' +
    '    at async l (/home/tarcin/hackathon-system-hackpy/.next/server/chunks/801.js:1:11446)',
  name: 'h'
}
[next-auth][error][JWT_SESSION_ERROR] 
https://next-auth.js.org/errors#jwt_session_error decryption operation failed {
  message: 'decryption operation failed',
  stack: 'h: decryption operation failed\n' +
    '    at /home/tarcin/hackathon-system-hackpy/.next/server/chunks/8858.js:1:93290\n' +
    '    at b.default (/home/tarcin/hackathon-system-hackpy/.next/server/chunks/8858.js:1:93317)\n' +
    '    at b.flattenedDecrypt (/home/tarcin/hackathon-system-hackpy/.next/server/chunks/8858.js:10:70888)\n' +
    '    at async b.compactDecrypt (/home/tarcin/hackathon-system-hackpy/.next/server/chunks/8858.js:1:12188)\n' +
    '    at async b.jwtDecrypt (/home/tarcin/hackathon-system-hackpy/.next/server/chunks/8858.js:18:6072)\n' +
    '    at async Object.l [as decode] (/home/tarcin/hackathon-system-hackpy/.next/server/chunks/8858.js:10:27124)\n' +
    '    at async Object.e (/home/tarcin/hackathon-system-hackpy/.next/server/chunks/8858.js:10:49031)\n' +
    '    at async q (/home/tarcin/hackathon-system-hackpy/.next/server/chunks/8858.js:10:35117)\n' +
    '    at async h (/home/tarcin/hackathon-system-hackpy/.next/server/chunks/8858.js:1:2932)\n' +
    '    at async q (/home/tarcin/hackathon-system-hackpy/.next/server/app/page.js:2:9494)',
  name: 'h'
}
[next-auth][error][JWT_SESSION_ERROR] 
https://next-auth.js.org/errors#jwt_session_error decryption operation failed {
  message: 'decryption operation failed',
  stack: 'h: decryption operation failed\n' +
    '    at /home/tarcin/hackathon-system-hackpy/.next/server/chunks/8858.js:1:93290\n' +
    '    at b.default (/home/tarcin/hackathon-system-hackpy/.next/server/chunks/8858.js:1:93317)\n' +
    '    at b.flattenedDecrypt (/home/tarcin/hackathon-system-hackpy/.next/server/chunks/8858.js:10:70888)\n' +
    '    at async b.compactDecrypt (/home/tarcin/hackathon-system-hackpy/.next/server/chunks/8858.js:1:12188)\n' +
    '    at async b.jwtDecrypt (/home/tarcin/hackathon-system-hackpy/.next/server/chunks/8858.js:18:6072)\n' +
    '    at async Object.l [as decode] (/home/tarcin/hackathon-system-hackpy/.next/server/chunks/8858.js:10:27124)\n' +
    '    at async Object.e (/home/tarcin/hackathon-system-hackpy/.next/server/chunks/8858.js:10:49031)\n' +
    '    at async q (/home/tarcin/hackathon-system-hackpy/.next/server/chunks/8858.js:10:35117)\n' +
    '    at async h (/home/tarcin/hackathon-system-hackpy/.next/server/chunks/8858.js:1:2932)\n' +
    '    at async l (/home/tarcin/hackathon-system-hackpy/.next/server/chunks/801.js:1:11446)',
  name: 'h'
}
[next-auth][error][JWT_SESSION_ERROR] 
https://next-auth.js.org/errors#jwt_session_error decryption operation failed {
  message: 'decryption operation failed',
  stack: 'h: decryption operation failed\n' +
    '    at /home/tarcin/hackathon-system-hackpy/.next/server/chunks/8858.js:1:93290\n' +
    '    at b.default (/home/tarcin/hackathon-system-hackpy/.next/server/chunks/8858.js:1:93317)\n' +
    '    at b.flattenedDecrypt (/home/tarcin/hackathon-system-hackpy/.next/server/chunks/8858.js:10:70888)\n' +
    '    at async b.compactDecrypt (/home/tarcin/hackathon-system-hackpy/.next/server/chunks/8858.js:1:12188)\n' +
    '    at async b.jwtDecrypt (/home/tarcin/hackathon-system-hackpy/.next/server/chunks/8858.js:18:6072)\n' +
    '    at async Object.l [as decode] (/home/tarcin/hackathon-system-hackpy/.next/server/chunks/8858.js:10:27124)\n' +
    '    at async Object.e (/home/tarcin/hackathon-system-hackpy/.next/server/chunks/8858.js:10:49031)\n' +
    '    at async q (/home/tarcin/hackathon-system-hackpy/.next/server/chunks/8858.js:10:35117)\n' +
    '    at async h (/home/tarcin/hackathon-system-hackpy/.next/server/chunks/8858.js:1:2932)\n' +
    '    at async w (/home/tarcin/hackathon-system-hackpy/.next/server/app/leaderboard/page.js:1:8658)',
  name: 'h'
}
[next-auth][error][JWT_SESSION_ERROR] 
https://next-auth.js.org/errors#jwt_session_error decryption operation failed {
  message: 'decryption operation failed',
  stack: 'h: decryption operation failed\n' +
    '    at /home/tarcin/hackathon-system-hackpy/.next/server/chunks/8858.js:1:93290\n' +
    '    at b.default (/home/tarcin/hackathon-system-hackpy/.next/server/chunks/8858.js:1:93317)\n' +
    '    at b.flattenedDecrypt (/home/tarcin/hackathon-system-hackpy/.next/server/chunks/8858.js:10:70888)\n' +
    '    at async b.compactDecrypt (/home/tarcin/hackathon-system-hackpy/.next/server/chunks/8858.js:1:12188)\n' +
    '    at async b.jwtDecrypt (/home/tarcin/hackathon-system-hackpy/.next/server/chunks/8858.js:18:6072)\n' +
    '    at async Object.l [as decode] (/home/tarcin/hackathon-system-hackpy/.next/server/chunks/8858.js:10:27124)\n' +
    '    at async Object.e (/home/tarcin/hackathon-system-hackpy/.next/server/chunks/8858.js:10:49031)\n' +
    '    at async q (/home/tarcin/hackathon-system-hackpy/.next/server/chunks/8858.js:10:35117)\n' +
    '    at async h (/home/tarcin/hackathon-system-hackpy/.next/server/chunks/8858.js:1:2932)\n' +
    '    at async q (/home/tarcin/hackathon-system-hackpy/.next/server/app/page.js:2:9494)',
  name: 'h'
}
[next-auth][error][JWT_SESSION_ERROR] 
https://next-auth.js.org/errors#jwt_session_error decryption operation failed {
  message: 'decryption operation failed',
  stack: 'h: decryption operation failed\n' +
    '    at /home/tarcin/hackathon-system-hackpy/.next/server/chunks/8858.js:1:93290\n' +
    '    at b.default (/home/tarcin/hackathon-system-hackpy/.next/server/chunks/8858.js:1:93317)\n' +
    '    at b.flattenedDecrypt (/home/tarcin/hackathon-system-hackpy/.next/server/chunks/8858.js:10:70888)\n' +
    '    at async b.compactDecrypt (/home/tarcin/hackathon-system-hackpy/.next/server/chunks/8858.js:1:12188)\n' +
    '    at async b.jwtDecrypt (/home/tarcin/hackathon-system-hackpy/.next/server/chunks/8858.js:18:6072)\n' +
    '    at async Object.l [as decode] (/home/tarcin/hackathon-system-hackpy/.next/server/chunks/8858.js:10:27124)\n' +
    '    at async Object.e (/home/tarcin/hackathon-system-hackpy/.next/server/chunks/8858.js:10:49031)\n' +
    '    at async q (/home/tarcin/hackathon-system-hackpy/.next/server/chunks/8858.js:10:35117)\n' +
    '    at async h (/home/tarcin/hackathon-system-hackpy/.next/server/chunks/8858.js:1:2932)\n' +
    '    at async l (/home/tarcin/hackathon-system-hackpy/.next/server/chunks/801.js:1:11446)',
  name: 'h'
}
[next-auth][error][JWT_SESSION_ERROR] 
https://next-auth.js.org/errors#jwt_session_error decryption operation failed {
  message: 'decryption operation failed',
  stack: 'h: decryption operation failed\n' +
    '    at /home/tarcin/hackathon-system-hackpy/.next/server/chunks/8858.js:1:93290\n' +
    '    at b.default (/home/tarcin/hackathon-system-hackpy/.next/server/chunks/8858.js:1:93317)\n' +
    '    at b.flattenedDecrypt (/home/tarcin/hackathon-system-hackpy/.next/server/chunks/8858.js:10:70888)\n' +
    '    at async b.compactDecrypt (/home/tarcin/hackathon-system-hackpy/.next/server/chunks/8858.js:1:12188)\n' +
    '    at async b.jwtDecrypt (/home/tarcin/hackathon-system-hackpy/.next/server/chunks/8858.js:18:6072)\n' +
    '    at async Object.l [as decode] (/home/tarcin/hackathon-system-hackpy/.next/server/chunks/8858.js:10:27124)\n' +
    '    at async Object.e (/home/tarcin/hackathon-system-hackpy/.next/server/chunks/8858.js:10:49031)\n' +
    '    at async q (/home/tarcin/hackathon-system-hackpy/.next/server/chunks/8858.js:10:35117)\n' +
    '    at async h (/home/tarcin/hackathon-system-hackpy/.next/server/chunks/8858.js:1:2932)\n' +
    '    at async q (/home/tarcin/hackathon-system-hackpy/.next/server/app/page.js:2:9494)',
  name: 'h'
}
[next-auth][error][JWT_SESSION_ERROR] 
https://next-auth.js.org/errors#jwt_session_error decryption operation failed {
  message: 'decryption operation failed',
  stack: 'h: decryption operation failed\n' +
    '    at /home/tarcin/hackathon-system-hackpy/.next/server/chunks/8858.js:1:93290\n' +
    '    at b.default (/home/tarcin/hackathon-system-hackpy/.next/server/chunks/8858.js:1:93317)\n' +
    '    at b.flattenedDecrypt (/home/tarcin/hackathon-system-hackpy/.next/server/chunks/8858.js:10:70888)\n' +
    '    at async b.compactDecrypt (/home/tarcin/hackathon-system-hackpy/.next/server/chunks/8858.js:1:12188)\n' +
    '    at async b.jwtDecrypt (/home/tarcin/hackathon-system-hackpy/.next/server/chunks/8858.js:18:6072)\n' +
    '    at async Object.l [as decode] (/home/tarcin/hackathon-system-hackpy/.next/server/chunks/8858.js:10:27124)\n' +
    '    at async Object.e (/home/tarcin/hackathon-system-hackpy/.next/server/chunks/8858.js:10:49031)\n' +
    '    at async q (/home/tarcin/hackathon-system-hackpy/.next/server/chunks/8858.js:10:35117)\n' +
    '    at async h (/home/tarcin/hackathon-system-hackpy/.next/server/chunks/8858.js:1:2932)\n' +
    '    at async l (/home/tarcin/hackathon-system-hackpy/.next/server/chunks/801.js:1:11446)',
  name: 'h'
}
[next-auth][error][JWT_SESSION_ERROR] 
https://next-auth.js.org/errors#jwt_session_error decryption operation failed {
  message: 'decryption operation failed',
  stack: 'h: decryption operation failed\n' +
    '    at /home/tarcin/hackathon-system-hackpy/.next/server/chunks/8858.js:1:93290\n' +
    '    at b.default (/home/tarcin/hackathon-system-hackpy/.next/server/chunks/8858.js:1:93317)\n' +
    '    at b.flattenedDecrypt (/home/tarcin/hackathon-system-hackpy/.next/server/chunks/8858.js:10:70888)\n' +
    '    at async b.compactDecrypt (/home/tarcin/hackathon-system-hackpy/.next/server/chunks/8858.js:1:12188)\n' +
    '    at async b.jwtDecrypt (/home/tarcin/hackathon-system-hackpy/.next/server/chunks/8858.js:18:6072)\n' +
    '    at async Object.l [as decode] (/home/tarcin/hackathon-system-hackpy/.next/server/chunks/8858.js:10:27124)\n' +
    '    at async Object.e (/home/tarcin/hackathon-system-hackpy/.next/server/chunks/8858.js:10:49031)\n' +
    '    at async q (/home/tarcin/hackathon-system-hackpy/.next/server/chunks/8858.js:10:35117)\n' +
    '    at async h (/home/tarcin/hackathon-system-hackpy/.next/server/chunks/8858.js:1:2932)\n' +
    '    at async w (/home/tarcin/hackathon-system-hackpy/.next/server/app/leaderboard/page.js:1:8658)',
  name: 'h'
}
[next-auth][error][JWT_SESSION_ERROR] 
https://next-auth.js.org/errors#jwt_session_error decryption operation failed {
  message: 'decryption operation failed',
  stack: 'h: decryption operation failed\n' +
    '    at /home/tarcin/hackathon-system-hackpy/.next/server/chunks/8858.js:1:93290\n' +
    '    at b.default (/home/tarcin/hackathon-system-hackpy/.next/server/chunks/8858.js:1:93317)\n' +
    '    at b.flattenedDecrypt (/home/tarcin/hackathon-system-hackpy/.next/server/chunks/8858.js:10:70888)\n' +
    '    at async b.compactDecrypt (/home/tarcin/hackathon-system-hackpy/.next/server/chunks/8858.js:1:12188)\n' +
    '    at async b.jwtDecrypt (/home/tarcin/hackathon-system-hackpy/.next/server/chunks/8858.js:18:6072)\n' +
    '    at async Object.l [as decode] (/home/tarcin/hackathon-system-hackpy/.next/server/chunks/8858.js:10:27124)\n' +
    '    at async Object.e (/home/tarcin/hackathon-system-hackpy/.next/server/chunks/8858.js:10:49031)\n' +
    '    at async q (/home/tarcin/hackathon-system-hackpy/.next/server/chunks/8858.js:10:35117)\n' +
    '    at async h (/home/tarcin/hackathon-system-hackpy/.next/server/chunks/8858.js:1:2932)\n' +
    '    at async q (/home/tarcin/hackathon-system-hackpy/.next/server/app/page.js:2:9494)',
  name: 'h'
}
[next-auth][error][JWT_SESSION_ERROR] 
https://next-auth.js.org/errors#jwt_session_error decryption operation failed {
  message: 'decryption operation failed',
  stack: 'h: decryption operation failed\n' +
    '    at /home/tarcin/hackathon-system-hackpy/.next/server/chunks/8858.js:1:93290\n' +
    '    at b.default (/home/tarcin/hackathon-system-hackpy/.next/server/chunks/8858.js:1:93317)\n' +
    '    at b.flattenedDecrypt (/home/tarcin/hackathon-system-hackpy/.next/server/chunks/8858.js:10:70888)\n' +
    '    at async b.compactDecrypt (/home/tarcin/hackathon-system-hackpy/.next/server/chunks/8858.js:1:12188)\n' +
    '    at async b.jwtDecrypt (/home/tarcin/hackathon-system-hackpy/.next/server/chunks/8858.js:18:6072)\n' +
    '    at async Object.l [as decode] (/home/tarcin/hackathon-system-hackpy/.next/server/chunks/8858.js:10:27124)\n' +
    '    at async Object.e (/home/tarcin/hackathon-system-hackpy/.next/server/chunks/8858.js:10:49031)\n' +
    '    at async q (/home/tarcin/hackathon-system-hackpy/.next/server/chunks/8858.js:10:35117)\n' +
    '    at async h (/home/tarcin/hackathon-system-hackpy/.next/server/chunks/8858.js:1:2932)\n' +
    '    at async l (/home/tarcin/hackathon-system-hackpy/.next/server/chunks/801.js:1:11446)',
  name: 'h'
}
