2026-04-06T17:09:52: [EvalQueue] Submission 62de28dc-f574-4461-9b26-efcecfa32dca not found
2026-04-06T17:12:57: [EvalQueue] Submission 4d803a87-c30d-42d6-953c-909acc8e4c26 not found
2026-04-06T17:21:37: [EvalQueue] Submission 176bba06-0084-4715-94c1-a4ccb8b8fc25 not found
2026-04-06T17:23:39: [EvalQueue] Submission c8c63653-5cc9-4152-a062-d6fdbe850214 not found
2026-04-06T17:59:25: [EvalQueue] Submission 4ab83737-dce8-4b72-822d-c2f9c51cf8fa not found
2026-04-06T18:18:43: [EvalQueue] Submission 71479fd7-0ed5-4d78-98f0-f8b3fa0297bb not found
2026-04-06T18:20:26: [EvalQueue] Submission 3670f3a2-7319-47d7-9f17-857fa6c3c610 not found
2026-04-06T18:22:48: [EvalQueue] Submission e6e1708e-5669-4209-907f-1e31e8a7647f not found
2026-04-06T18:27:53: [EvalQueue] Submission 62a725c5-8fc2-4947-afcb-8a1e3925383a not found
2026-04-06T18:36:14: [EvalQueue] Submission 284ed8da-cad3-4b63-a5e9-e06362527966 not found
2026-04-06T18:45:52: [EvalQueue] Submission 1822e70f-9807-4951-9306-7656f90f8344 not found
2026-04-06T18:47:04: [EvalQueue] Submission 5f08b0a5-7286-45fd-a451-0c2d9e3cb471 not found
2026-04-06T18:48:11: [EvalQueue] Submission 28319f7c-6af3-473f-945f-43d6f8bf0cf5 not found
2026-04-06T18:50:10: [EvalQueue] Submission 7c61efe9-91ef-4ddf-a76d-1d81c6142714 not found
2026-04-06T19:06:35: [EvalQueue] Submission 7ea8c00b-ac50-4f48-8cea-ff475c7e6f35 not found
2026-04-06T19:17:06: [EvalQueue] Submission 32094863-3662-42a4-af58-11cbc1626989 not found
2026-04-06T19:17:56: [EvalQueue] Submission baf9cb83-a212-4d09-b4f6-bdf986f970d5 not found
2026-04-06T19:21:01: [EvalQueue] Submission b0eabcf2-bbb0-4f94-90c8-87a00a913abb not found
2026-04-06T19:58:16: [EvalQueue] Submission 4e41fe2b-0e59-4ec2-aaa5-67d772acecd9 not found
2026-04-06T20:16:26: [EvalQueue] Submission e7c99544-51e9-4260-803d-ed0290c90cb9 not found
2026-04-06T20:32:04: [EvalQueue] Submission bce9fd74-9be6-4005-bd15-db6c2d842519 not found
2026-04-06T20:39:35: [EvalQueue] Submission 2698df64-b480-4504-a953-c96197868cdf not found
2026-04-06T21:09:16: [EvalQueue] Submission 01410413-1c18-42a5-ac37-b2aafa90a4d7 not found
2026-04-06T21:44:10: [EvalQueue] Submission 266615cd-ab87-465c-8ae5-52db38467a48 not found
2026-04-06T23:28:45: [EvalQueue] Submission 5ffabace-83c8-4943-aa7f-9be23c9d9740 not found
2026-04-07T00:50:32: [EvalQueue] Submission 0a046d77-9ef3-446f-bfd1-e86446452bbb not found
2026-04-07T00:56:05: [EvalQueue] Submission e45d073d-3b76-4cc9-8eff-1b86ac043828 not found
2026-04-07T00:58:27: [EvalQueue] Submission 13870b8d-390e-4a52-b2a3-8d611c69b33b not found
2026-04-07T02:26:14: [EvalQueue] Submission 9fcd1d15-8f92-4ea7-bf30-edbe4c2851d2 not found
2026-04-07T03:14:32: [EvalQueue] Submission a564f0e9-8ad1-4b83-a1ce-d7b304f8d237 not found
2026-04-07T03:54:56: [EvalQueue] Submission 7ad1d90a-c84a-46ef-a44f-3311cbab1511 not found
2026-04-07T04:23:29: [EvalQueue] Submission a58f9096-4783-450a-9e61-d3ca914bf067 not found
2026-04-07T04:59:39: [EvalQueue] Submission 7f8d1faf-a77f-464c-a966-5a463dff111d not found
2026-04-07T05:00:03: [EvalQueue] Submission b3ae4ab9-93ab-464a-bb90-e343ae4d1323 not found
2026-04-07T05:11:19: [EvalQueue] Submission d3096942-9c3b-4f78-88fa-c74fb49fa632 not found
2026-04-07T05:15:46: [EvalQueue] Submission 263f62cb-ac8b-4d21-916b-6ba69a0390b6 not found
2026-04-07T05:22:09: [EvalQueue] Submission 3e59dafd-0a9c-4b77-a07c-f59eb72304b2 not found
2026-04-07T05:25:18: [EvalQueue] Submission c8c63653-5cc9-4152-a062-d6fdbe850214 not found
2026-04-07T05:34:57: [EvalQueue] Submission ed0a7638-df08-417a-a3ed-0c0291023a98 not found
2026-04-07T05:46:19: [EvalQueue] Submission cfa0a042-54a6-4468-aaaf-29943a0758e6 not found
2026-04-07T05:46:22: [EvalQueue] Submission 640990cc-e4a8-448f-b3e8-2dfa6cd76649 not found
2026-04-07T05:47:20: [EvalQueue] Submission 5220f4dc-50dc-4402-9b01-b5e92acfe5e4 not found
2026-04-07T05:49:01: [EvalQueue] Submission 9cc22fa3-1c17-47fd-96db-ccaf6fc4e87c not found
2026-04-07T05:52:01: [EvalQueue] Submission ed0a7638-df08-417a-a3ed-0c0291023a98 not found
2026-04-07T06:01:37: [EvalQueue] Submission c8c63653-5cc9-4152-a062-d6fdbe850214 not found
2026-04-07T06:07:23: [EvalQueue] Submission 4f4021e0-94a9-4517-b1d5-38a4db289215 not found
2026-04-07T06:10:55: [EvalQueue] Submission d16c9f04-fe18-4cb8-8373-8e1c993c2689 not found
2026-04-07T06:10:56: [EvalQueue] Submission 17403543-e425-4887-b190-5bba36cb677c not found
2026-04-07T06:21:10: [EvalQueue] Submission 4c4974b4-806e-4f53-858e-000cb9a0ff94 not found
2026-04-07T06:22:20: [EvalQueue] Submission f99d5a91-b497-4098-80e3-5a23b2413a9a not found
2026-04-07T06:22:47: [EvalQueue] Submission 0f1f9108-f652-4adf-b8d3-40a31f236ae0 not found
2026-04-07T06:25:01: [EvalQueue] Submission 849a4135-bdd4-4e28-bf66-2c0feadea293 not found
2026-04-07T06:27:27: [EvalQueue] Submission 55c14199-8323-4768-ba3c-f97a0352e10a not found
2026-04-07T06:30:44: [EvalQueue] Submission cce4d59d-ed5a-487c-b106-7b32a069cc38 not found
2026-04-07T06:30:44: [EvalQueue] Submission b388e581-bb3d-4719-9e03-7a3d2516b461 not found
2026-04-07T06:35:19: [EvalQueue] Submission 515fdb4b-8ba6-4295-9808-c4888e12fd89 not found
2026-04-07T06:38:18: [EvalQueue] Submission 2664a66b-03c9-4603-8e2f-91f177de2488 not found
2026-04-07T06:39:32: [EvalQueue] Submission d718af40-3ac5-4a1e-be6b-bf28aba57ac1 not found
2026-04-07T06:39:46: [EvalQueue] Submission 04097f02-518e-4f86-8499-c3938d302e0d not found
2026-04-07T06:44:26: [EvalQueue] Submission ebbc53c7-0312-428e-b1c8-e1afade7cb36 not found
2026-04-07T06:46:55: [EvalQueue] Submission 8adb15b3-70d3-4566-9ad7-0bbaeae61b74 not found
2026-04-07T06:49:54: [EvalQueue] Submission ea6d0f54-52bd-48ea-a2f9-b54df56df384 not found
2026-04-07T06:50:26: [EvalQueue] Submission 4d6a4977-d92a-47af-918a-218576507a66 not found
2026-04-07T06:51:53: [EvalQueue] Submission 998f277a-cad4-473b-b390-3cb0d3b2536d not found
2026-04-07T06:58:09: [EvalQueue] Submission 3185de39-fdfb-42fb-816b-fbc7f184de52 not found
2026-04-07T07:00:32: [EvalQueue] Submission b388e581-bb3d-4719-9e03-7a3d2516b461 not found
2026-04-07T07:02:50: [EvalQueue] Submission 7f68f49b-92f6-4be2-a1e5-cad18c591a5f not found
2026-04-07T07:06:03: [EvalQueue] Submission 43e50f12-2240-4f82-94c6-d3f5d677c771 not found
2026-04-07T07:09:31: [EvalQueue] Submission 97e12efb-10f1-4e36-8ce7-0bda84c46fbe not found
2026-04-07T07:09:47: [EvalQueue] Submission 6dedcf4c-6197-4fc2-882d-036eafbc415c not found
2026-04-07T07:10:01: [EvalQueue] Submission 21a27408-f8a8-4f1a-b7f9-ca1464cce657 not found
2026-04-07T07:10:18: [EvalQueue] Submission cf0faf0a-4e8a-4e99-823f-22126a5d6577 not found
2026-04-07T07:11:39: [EvalQueue] Submission 827b3772-d1de-43d2-a617-b3d83e1c9f1b not found
2026-04-07T07:15:04: [EvalQueue] Submission cb58f8e6-45fa-4ef8-b323-38414f0d0d0a not found
2026-04-07T07:15:24: [EvalQueue] Submission 85a1ba0d-3e5c-4b42-b14a-0b1d4ba41b5a not found
2026-04-07T07:18:50: [EvalQueue] Submission 38f0b469-280d-4209-b812-4847d96db240 not found
2026-04-07T07:19:44: [EvalQueue] Submission 8956d76d-8185-42bc-b0e7-10afca2cab9e not found
2026-04-07T07:21:20: [EvalQueue] Submission 3c4e17d9-3bd6-497f-a939-8a4c891881e7 not found
2026-04-07T07:23:29: [EvalQueue] Submission 1b878cbe-ea93-4535-b71a-2df3e6802875 not found
2026-04-07T07:30:17: [EvalQueue] Submission c29cca21-4e59-445e-aff8-cc371db6db50 not found
2026-04-07T07:31:35: [EvalQueue] Submission 322e8765-0120-427f-bf99-042928ad1c82 not found
2026-04-07T07:37:44: [EvalQueue] Submission c6642e38-9eca-4d32-acba-d0bb61492e15 not found
2026-04-07T07:53:48: [EvalQueue] Submission 529f5876-8ac0-429d-9c1a-29ee5d02203e not found
2026-04-07T08:10:35: [EvalQueue] Submission 218396cc-421d-47ab-b08d-5f411d2e73ed not found
2026-04-07T08:12:03: [EvalQueue] Submission 9d581a64-9d83-4be7-ad12-2086ee299f6e not found
2026-04-07T08:12:06: [EvalQueue] Submission 2db18f33-fe09-4494-9dd7-9aca199f9db1 not found
2026-04-07T08:16:25: [EvalQueue] Submission 10ea58e7-10fd-4ff4-9753-0775aff7e50a not found
2026-04-07T08:20:12: [EvalQueue] Submission 13605d5c-4940-4d9a-9b4d-d535731658eb not found
2026-04-07T08:21:29: [EvalQueue] Submission 3738b1df-f7d5-4f8a-aea5-ec9a212b110d not found
2026-04-07T08:22:24: [EvalQueue] Submission ee1e4d41-7722-4b92-b065-a11638118ea2 not found
2026-04-07T08:23:06: [EvalQueue] Submission 85fbbeb8-70db-4994-b4fe-e7274b4a1041 not found
2026-04-07T08:23:10: [EvalQueue] Submission 3f38a9af-1672-4e15-9bd6-c03eb79deeb0 not found
2026-04-07T08:24:51: [EvalQueue] Submission 9610d0c2-6fd8-44c4-8a14-64daf4a7a1e0 not found
2026-04-07T08:28:32: [EvalQueue] Submission a2bd9c81-7dbb-47db-b805-e3ea44be3942 not found
2026-04-07T08:29:48: [EvalQueue] Submission fa0c351a-a536-4536-adb9-d342d438ff07 not found
2026-04-07T08:30:10: [EvalQueue] Submission 9bec9bd9-ded5-4f80-97e1-81cf14002a66 not found
2026-04-07T08:31:37: [EvalQueue] Submission a12c2e5d-f496-4af5-8d26-5fa2ff2a6b23 not found
2026-04-07T08:32:06: [EvalQueue] Submission 3119446c-3169-4707-abdb-0059d7481884 not found
2026-04-07T08:34:09: [EvalQueue] Submission b388e581-bb3d-4719-9e03-7a3d2516b461 not found
2026-04-07T08:34:11: [EvalQueue] Submission b388e581-bb3d-4719-9e03-7a3d2516b461 not found
2026-04-07T08:35:21: [EvalQueue] Submission c266ca7f-7406-44c5-b2e7-4feedbc7305c not found
2026-04-07T08:36:36: [EvalQueue] Submission e7a78743-612c-4477-8dbb-5b434eb45be4 not found
2026-04-07T08:37:55: [EvalQueue] Submission 0bfd3e5b-09b7-4cf2-9afd-9571ffe1f5f9 not found
2026-04-07T08:37:58: [EvalQueue] Submission f4539442-f63a-4af9-a0e0-085cd2a31dee not found
2026-04-07T08:38:05: [EvalQueue] Submission 2c946636-88aa-49e4-a52d-1313c7c3732e not found
2026-04-07T08:38:49: [EvalQueue] Submission ac32ae14-07fa-47a2-b03e-429376d9b969 not found
2026-04-07T08:39:38: [EvalQueue] Submission 0ba69782-b686-48fd-a5d0-17e209525db8 not found
2026-04-07T08:39:50: [EvalQueue] Submission 39727fb8-eb35-42bb-9120-2bfbca054a31 not found
2026-04-07T08:40:04: [EvalQueue] Submission 3b156273-587b-4e9a-af8f-5466235eec4b not found
2026-04-07T09:00:19: [EvalQueue] Submission ca5d17aa-22b1-49c6-bcbb-1fdcbfabedba not found
2026-04-07T09:00:52: [EvalQueue] Submission 112a7d53-189f-4ce1-ad32-198ca8e4bb4f not found
2026-04-07T09:02:28: [EvalQueue] Submission fd0f4e5e-a164-4159-8c09-1961e5a0bc94 not found
2026-04-07T09:02:45: [EvalQueue] Submission 44b90163-d11a-4c78-a156-347bd02b5a86 not found
2026-04-07T09:02:47: [EvalQueue] Submission 09c67cb9-d5dc-4937-8ea8-26ae01941aab not found
2026-04-07T09:02:55: [EvalQueue] Submission 7ade5ca2-e669-4982-a5ea-14552ce6b9a6 not found
2026-04-07T09:03:40: [EvalQueue] Submission 0a39cc4e-0565-4304-b3ab-53a670d4e5ba not found
2026-04-07T09:04:21: [EvalQueue] Submission a646626b-52a2-4f15-9739-a8dbe52ac543 not found
2026-04-07T09:04:48: [EvalQueue] Submission 998015bf-020e-4e97-a686-524e16d28018 not found
2026-04-07T09:04:48: [EvalQueue] Submission fae09cec-b586-436b-a9c9-09995f75b8d5 not found
2026-04-07T09:05:50: [EvalQueue] Submission 87b6b5e1-21e8-4532-b6f0-dcbaeaa4ccb3 not found
2026-04-07T09:05:53: [EvalQueue] Submission 379ceb6a-11fc-4683-9e36-39d3ae8f95c9 not found
2026-04-07T09:24:33: [EvalQueue] Evaluation failed for ec9facd1-698d-4a17-a845-c95f6d3657d2: Error: Cannot find module '@/lib/pythonExecution'
2026-04-07T09:24:33: Require stack:
2026-04-07T09:24:33: - /home/tarcin/hackathon-system-hackpy/services/evaluationService.ts
2026-04-07T09:24:33: - /home/tarcin/hackathon-system-hackpy/services/evaluationQueue.ts
2026-04-07T09:24:33: - /home/tarcin/hackathon-system-hackpy/services/evaluationDispatchService.ts
2026-04-07T09:24:33: - /home/tarcin/hackathon-system-hackpy/scripts/evaluation-worker-http.ts
2026-04-07T09:24:33:     at Module.<anonymous> (node:internal/modules/cjs/loader:1456:15)
2026-04-07T09:24:33:     at Module._resolveFilename.sharedData.moduleResolveFilenameHook.installedValue [as _resolveFilename] (/home/tarcin/hackathon-system-hackpy/node_modules/@cspotcode/source-map-support/source-map-support.js:811:30)
2026-04-07T09:24:33:     at Module.Hook._require.Module.require (/home/tarcin/.nvm/versions/node/v24.14.1/lib/node_modules/pm2/node_modules/require-in-the-middle/index.js:81:25)
2026-04-07T09:24:33:     at require (node:internal/modules/helpers:152:16)
2026-04-07T09:24:33:     at Object.<anonymous> (/home/tarcin/hackathon-system-hackpy/services/evaluationService.ts:2:1)
2026-04-07T09:24:33:     at Module._compile (node:internal/modules/cjs/loader:1812:14)
2026-04-07T09:24:33:     at Module.m._compile (/home/tarcin/hackathon-system-hackpy/node_modules/ts-node/src/index.ts:1618:23)
2026-04-07T09:24:33:     at node:internal/modules/cjs/loader:1943:10
2026-04-07T09:24:33:     at Object.require.extensions.<computed> [as .ts] (/home/tarcin/hackathon-system-hackpy/node_modules/ts-node/src/index.ts:1621:12)
2026-04-07T09:24:33:     at Module.load (node:internal/modules/cjs/loader:1533:32) {
2026-04-07T09:24:33:   code: 'MODULE_NOT_FOUND',
2026-04-07T09:24:33:   requireStack: [
2026-04-07T09:24:33:     '/home/tarcin/hackathon-system-hackpy/services/evaluationService.ts',
2026-04-07T09:24:33:     '/home/tarcin/hackathon-system-hackpy/services/evaluationQueue.ts',
2026-04-07T09:24:33:     '/home/tarcin/hackathon-system-hackpy/services/evaluationDispatchService.ts',
2026-04-07T09:24:33:     '/home/tarcin/hackathon-system-hackpy/scripts/evaluation-worker-http.ts'
2026-04-07T09:24:33:   ]
2026-04-07T09:24:33: }
2026-04-07T09:27:46: [EvalQueue] Evaluation failed for 220a09cc-8413-49ac-ac21-58279c4d0ec3: Error: Cannot find module '@/lib/pythonExecution'
2026-04-07T09:27:46: Require stack:
2026-04-07T09:27:46: - /home/tarcin/hackathon-system-hackpy/services/evaluationService.ts
2026-04-07T09:27:46: - /home/tarcin/hackathon-system-hackpy/services/evaluationQueue.ts
2026-04-07T09:27:46: - /home/tarcin/hackathon-system-hackpy/services/evaluationDispatchService.ts
2026-04-07T09:27:46: - /home/tarcin/hackathon-system-hackpy/scripts/evaluation-worker-http.ts
2026-04-07T09:27:46:     at Module.<anonymous> (node:internal/modules/cjs/loader:1456:15)
2026-04-07T09:27:46:     at Module._resolveFilename.sharedData.moduleResolveFilenameHook.installedValue [as _resolveFilename] (/home/tarcin/hackathon-system-hackpy/node_modules/@cspotcode/source-map-support/source-map-support.js:811:30)
2026-04-07T09:27:46:     at Module.Hook._require.Module.require (/home/tarcin/.nvm/versions/node/v24.14.1/lib/node_modules/pm2/node_modules/require-in-the-middle/index.js:81:25)
2026-04-07T09:27:46:     at require (node:internal/modules/helpers:152:16)
2026-04-07T09:27:46:     at Object.<anonymous> (/home/tarcin/hackathon-system-hackpy/services/evaluationService.ts:2:1)
2026-04-07T09:27:46:     at Module._compile (node:internal/modules/cjs/loader:1812:14)
2026-04-07T09:27:46:     at Module.m._compile (/home/tarcin/hackathon-system-hackpy/node_modules/ts-node/src/index.ts:1618:23)
2026-04-07T09:27:46:     at node:internal/modules/cjs/loader:1943:10
2026-04-07T09:27:46:     at Object.require.extensions.<computed> [as .ts] (/home/tarcin/hackathon-system-hackpy/node_modules/ts-node/src/index.ts:1621:12)
2026-04-07T09:27:46:     at Module.load (node:internal/modules/cjs/loader:1533:32) {
2026-04-07T09:27:46:   code: 'MODULE_NOT_FOUND',
2026-04-07T09:27:46:   requireStack: [
2026-04-07T09:27:46:     '/home/tarcin/hackathon-system-hackpy/services/evaluationService.ts',
2026-04-07T09:27:46:     '/home/tarcin/hackathon-system-hackpy/services/evaluationQueue.ts',
2026-04-07T09:27:46:     '/home/tarcin/hackathon-system-hackpy/services/evaluationDispatchService.ts',
2026-04-07T09:27:46:     '/home/tarcin/hackathon-system-hackpy/scripts/evaluation-worker-http.ts'
2026-04-07T09:27:46:   ]
2026-04-07T09:27:46: }
2026-04-07T09:28:44: [EvalQueue] Evaluation failed for c15e7ab5-4348-4754-a4e9-7f6efeee66fc: Error: Cannot find module '@/lib/pythonExecution'
2026-04-07T09:28:44: Require stack:
2026-04-07T09:28:44: - /home/tarcin/hackathon-system-hackpy/services/evaluationService.ts
2026-04-07T09:28:44: - /home/tarcin/hackathon-system-hackpy/services/evaluationQueue.ts
2026-04-07T09:28:44: - /home/tarcin/hackathon-system-hackpy/services/evaluationDispatchService.ts
2026-04-07T09:28:44: - /home/tarcin/hackathon-system-hackpy/scripts/evaluation-worker-http.ts
2026-04-07T09:28:44:     at Module.<anonymous> (node:internal/modules/cjs/loader:1456:15)
2026-04-07T09:28:44:     at Module._resolveFilename.sharedData.moduleResolveFilenameHook.installedValue [as _resolveFilename] (/home/tarcin/hackathon-system-hackpy/node_modules/@cspotcode/source-map-support/source-map-support.js:811:30)
2026-04-07T09:28:44:     at Module.Hook._require.Module.require (/home/tarcin/.nvm/versions/node/v24.14.1/lib/node_modules/pm2/node_modules/require-in-the-middle/index.js:81:25)
2026-04-07T09:28:44:     at require (node:internal/modules/helpers:152:16)
2026-04-07T09:28:44:     at Object.<anonymous> (/home/tarcin/hackathon-system-hackpy/services/evaluationService.ts:2:1)
2026-04-07T09:28:44:     at Module._compile (node:internal/modules/cjs/loader:1812:14)
2026-04-07T09:28:44:     at Module.m._compile (/home/tarcin/hackathon-system-hackpy/node_modules/ts-node/src/index.ts:1618:23)
2026-04-07T09:28:44:     at node:internal/modules/cjs/loader:1943:10
2026-04-07T09:28:44:     at Object.require.extensions.<computed> [as .ts] (/home/tarcin/hackathon-system-hackpy/node_modules/ts-node/src/index.ts:1621:12)
2026-04-07T09:28:44:     at Module.load (node:internal/modules/cjs/loader:1533:32) {
2026-04-07T09:28:44:   code: 'MODULE_NOT_FOUND',
2026-04-07T09:28:44:   requireStack: [
2026-04-07T09:28:44:     '/home/tarcin/hackathon-system-hackpy/services/evaluationService.ts',
2026-04-07T09:28:44:     '/home/tarcin/hackathon-system-hackpy/services/evaluationQueue.ts',
2026-04-07T09:28:44:     '/home/tarcin/hackathon-system-hackpy/services/evaluationDispatchService.ts',
2026-04-07T09:28:44:     '/home/tarcin/hackathon-system-hackpy/scripts/evaluation-worker-http.ts'
2026-04-07T09:28:44:   ]
2026-04-07T09:28:44: }
2026-04-07T09:31:56: [EvalQueue] Evaluation failed for 3152364c-9287-4ca4-85cc-de55a3316539: Error: Cannot find module '@/lib/pythonExecution'
2026-04-07T09:31:56: Require stack:
2026-04-07T09:31:56: - /home/tarcin/hackathon-system-hackpy/services/evaluationService.ts
2026-04-07T09:31:56: - /home/tarcin/hackathon-system-hackpy/services/evaluationQueue.ts
2026-04-07T09:31:56: - /home/tarcin/hackathon-system-hackpy/services/evaluationDispatchService.ts
2026-04-07T09:31:56: - /home/tarcin/hackathon-system-hackpy/scripts/evaluation-worker-http.ts
2026-04-07T09:31:56:     at Module.<anonymous> (node:internal/modules/cjs/loader:1456:15)
2026-04-07T09:31:56:     at Module._resolveFilename.sharedData.moduleResolveFilenameHook.installedValue [as _resolveFilename] (/home/tarcin/hackathon-system-hackpy/node_modules/@cspotcode/source-map-support/source-map-support.js:811:30)
2026-04-07T09:31:56:     at Module.Hook._require.Module.require (/home/tarcin/.nvm/versions/node/v24.14.1/lib/node_modules/pm2/node_modules/require-in-the-middle/index.js:81:25)
2026-04-07T09:31:56:     at require (node:internal/modules/helpers:152:16)
2026-04-07T09:31:56:     at Object.<anonymous> (/home/tarcin/hackathon-system-hackpy/services/evaluationService.ts:2:1)
2026-04-07T09:31:56:     at Module._compile (node:internal/modules/cjs/loader:1812:14)
2026-04-07T09:31:56:     at Module.m._compile (/home/tarcin/hackathon-system-hackpy/node_modules/ts-node/src/index.ts:1618:23)
2026-04-07T09:31:56:     at node:internal/modules/cjs/loader:1943:10
2026-04-07T09:31:56:     at Object.require.extensions.<computed> [as .ts] (/home/tarcin/hackathon-system-hackpy/node_modules/ts-node/src/index.ts:1621:12)
2026-04-07T09:31:56:     at Module.load (node:internal/modules/cjs/loader:1533:32) {
2026-04-07T09:31:56:   code: 'MODULE_NOT_FOUND',
2026-04-07T09:31:56:   requireStack: [
2026-04-07T09:31:56:     '/home/tarcin/hackathon-system-hackpy/services/evaluationService.ts',
2026-04-07T09:31:56:     '/home/tarcin/hackathon-system-hackpy/services/evaluationQueue.ts',
2026-04-07T09:31:56:     '/home/tarcin/hackathon-system-hackpy/services/evaluationDispatchService.ts',
2026-04-07T09:31:56:     '/home/tarcin/hackathon-system-hackpy/scripts/evaluation-worker-http.ts'
2026-04-07T09:31:56:   ]
2026-04-07T09:31:56: }
2026-04-07T09:32:01: [EvalQueue] Evaluation failed for 880f466f-837e-48d9-965d-0d84999eed7a: Error: Cannot find module '@/lib/pythonExecution'
2026-04-07T09:32:01: Require stack:
2026-04-07T09:32:01: - /home/tarcin/hackathon-system-hackpy/services/evaluationService.ts
2026-04-07T09:32:01: - /home/tarcin/hackathon-system-hackpy/services/evaluationQueue.ts
2026-04-07T09:32:01: - /home/tarcin/hackathon-system-hackpy/services/evaluationDispatchService.ts
2026-04-07T09:32:01: - /home/tarcin/hackathon-system-hackpy/scripts/evaluation-worker-http.ts
2026-04-07T09:32:01:     at Module.<anonymous> (node:internal/modules/cjs/loader:1456:15)
2026-04-07T09:32:01:     at Module._resolveFilename.sharedData.moduleResolveFilenameHook.installedValue [as _resolveFilename] (/home/tarcin/hackathon-system-hackpy/node_modules/@cspotcode/source-map-support/source-map-support.js:811:30)
2026-04-07T09:32:01:     at Module.Hook._require.Module.require (/home/tarcin/.nvm/versions/node/v24.14.1/lib/node_modules/pm2/node_modules/require-in-the-middle/index.js:81:25)
2026-04-07T09:32:01:     at require (node:internal/modules/helpers:152:16)
2026-04-07T09:32:01:     at Object.<anonymous> (/home/tarcin/hackathon-system-hackpy/services/evaluationService.ts:2:1)
2026-04-07T09:32:01:     at Module._compile (node:internal/modules/cjs/loader:1812:14)
2026-04-07T09:32:01:     at Module.m._compile (/home/tarcin/hackathon-system-hackpy/node_modules/ts-node/src/index.ts:1618:23)
2026-04-07T09:32:01:     at node:internal/modules/cjs/loader:1943:10
2026-04-07T09:32:01:     at Object.require.extensions.<computed> [as .ts] (/home/tarcin/hackathon-system-hackpy/node_modules/ts-node/src/index.ts:1621:12)
2026-04-07T09:32:01:     at Module.load (node:internal/modules/cjs/loader:1533:32) {
2026-04-07T09:32:01:   code: 'MODULE_NOT_FOUND',
2026-04-07T09:32:01:   requireStack: [
2026-04-07T09:32:01:     '/home/tarcin/hackathon-system-hackpy/services/evaluationService.ts',
2026-04-07T09:32:01:     '/home/tarcin/hackathon-system-hackpy/services/evaluationQueue.ts',
2026-04-07T09:32:01:     '/home/tarcin/hackathon-system-hackpy/services/evaluationDispatchService.ts',
2026-04-07T09:32:01:     '/home/tarcin/hackathon-system-hackpy/scripts/evaluation-worker-http.ts'
2026-04-07T09:32:01:   ]
2026-04-07T09:32:01: }
2026-04-07T09:33:09: [EvalQueue] Evaluation failed for 17793ab2-7b21-4e7d-b195-4c4993c9ae1a: Error: Cannot find module '@/lib/pythonExecution'
2026-04-07T09:33:09: Require stack:
2026-04-07T09:33:09: - /home/tarcin/hackathon-system-hackpy/services/evaluationService.ts
2026-04-07T09:33:09: - /home/tarcin/hackathon-system-hackpy/services/evaluationQueue.ts
2026-04-07T09:33:09: - /home/tarcin/hackathon-system-hackpy/services/evaluationDispatchService.ts
2026-04-07T09:33:09: - /home/tarcin/hackathon-system-hackpy/scripts/evaluation-worker-http.ts
2026-04-07T09:33:09:     at Module.<anonymous> (node:internal/modules/cjs/loader:1456:15)
2026-04-07T09:33:09:     at Module._resolveFilename.sharedData.moduleResolveFilenameHook.installedValue [as _resolveFilename] (/home/tarcin/hackathon-system-hackpy/node_modules/@cspotcode/source-map-support/source-map-support.js:811:30)
2026-04-07T09:33:09:     at Module.Hook._require.Module.require (/home/tarcin/.nvm/versions/node/v24.14.1/lib/node_modules/pm2/node_modules/require-in-the-middle/index.js:81:25)
2026-04-07T09:33:09:     at require (node:internal/modules/helpers:152:16)
2026-04-07T09:33:09:     at Object.<anonymous> (/home/tarcin/hackathon-system-hackpy/services/evaluationService.ts:2:1)
2026-04-07T09:33:09:     at Module._compile (node:internal/modules/cjs/loader:1812:14)
2026-04-07T09:33:09:     at Module.m._compile (/home/tarcin/hackathon-system-hackpy/node_modules/ts-node/src/index.ts:1618:23)
2026-04-07T09:33:09:     at node:internal/modules/cjs/loader:1943:10
2026-04-07T09:33:09:     at Object.require.extensions.<computed> [as .ts] (/home/tarcin/hackathon-system-hackpy/node_modules/ts-node/src/index.ts:1621:12)
2026-04-07T09:33:09:     at Module.load (node:internal/modules/cjs/loader:1533:32) {
2026-04-07T09:33:09:   code: 'MODULE_NOT_FOUND',
2026-04-07T09:33:09:   requireStack: [
2026-04-07T09:33:09:     '/home/tarcin/hackathon-system-hackpy/services/evaluationService.ts',
2026-04-07T09:33:09:     '/home/tarcin/hackathon-system-hackpy/services/evaluationQueue.ts',
2026-04-07T09:33:09:     '/home/tarcin/hackathon-system-hackpy/services/evaluationDispatchService.ts',
2026-04-07T09:33:09:     '/home/tarcin/hackathon-system-hackpy/scripts/evaluation-worker-http.ts'
2026-04-07T09:33:09:   ]
2026-04-07T09:33:09: }
2026-04-07T09:33:41: [EvalQueue] Evaluation failed for 473bcc99-ab5f-417c-aab5-40bbd4cfdc2a: Error: Cannot find module '@/lib/pythonExecution'
2026-04-07T09:33:41: Require stack:
2026-04-07T09:33:41: - /home/tarcin/hackathon-system-hackpy/services/evaluationService.ts
2026-04-07T09:33:41: - /home/tarcin/hackathon-system-hackpy/services/evaluationQueue.ts
2026-04-07T09:33:41: - /home/tarcin/hackathon-system-hackpy/services/evaluationDispatchService.ts
2026-04-07T09:33:41: - /home/tarcin/hackathon-system-hackpy/scripts/evaluation-worker-http.ts
2026-04-07T09:33:41:     at Module.<anonymous> (node:internal/modules/cjs/loader:1456:15)
2026-04-07T09:33:41:     at Module._resolveFilename.sharedData.moduleResolveFilenameHook.installedValue [as _resolveFilename] (/home/tarcin/hackathon-system-hackpy/node_modules/@cspotcode/source-map-support/source-map-support.js:811:30)
2026-04-07T09:33:41:     at Module.Hook._require.Module.require (/home/tarcin/.nvm/versions/node/v24.14.1/lib/node_modules/pm2/node_modules/require-in-the-middle/index.js:81:25)
2026-04-07T09:33:41:     at require (node:internal/modules/helpers:152:16)
2026-04-07T09:33:41:     at Object.<anonymous> (/home/tarcin/hackathon-system-hackpy/services/evaluationService.ts:2:1)
2026-04-07T09:33:41:     at Module._compile (node:internal/modules/cjs/loader:1812:14)
2026-04-07T09:33:41:     at Module.m._compile (/home/tarcin/hackathon-system-hackpy/node_modules/ts-node/src/index.ts:1618:23)
2026-04-07T09:33:41:     at node:internal/modules/cjs/loader:1943:10
2026-04-07T09:33:41:     at Object.require.extensions.<computed> [as .ts] (/home/tarcin/hackathon-system-hackpy/node_modules/ts-node/src/index.ts:1621:12)
2026-04-07T09:33:41:     at Module.load (node:internal/modules/cjs/loader:1533:32) {
2026-04-07T09:33:41:   code: 'MODULE_NOT_FOUND',
2026-04-07T09:33:41:   requireStack: [
2026-04-07T09:33:41:     '/home/tarcin/hackathon-system-hackpy/services/evaluationService.ts',
2026-04-07T09:33:41:     '/home/tarcin/hackathon-system-hackpy/services/evaluationQueue.ts',
2026-04-07T09:33:41:     '/home/tarcin/hackathon-system-hackpy/services/evaluationDispatchService.ts',
2026-04-07T09:33:41:     '/home/tarcin/hackathon-system-hackpy/scripts/evaluation-worker-http.ts'
2026-04-07T09:33:41:   ]
2026-04-07T09:33:41: }
2026-04-07T09:38:00: [EvalQueue] Evaluation failed for 9c48538f-e51a-43f7-b1d3-c2b382abf8a0: Error: Cannot find module '@/lib/pythonExecution'
2026-04-07T09:38:00: Require stack:
2026-04-07T09:38:00: - /home/tarcin/hackathon-system-hackpy/services/evaluationService.ts
2026-04-07T09:38:00: - /home/tarcin/hackathon-system-hackpy/services/evaluationQueue.ts
2026-04-07T09:38:00: - /home/tarcin/hackathon-system-hackpy/services/evaluationDispatchService.ts
2026-04-07T09:38:00: - /home/tarcin/hackathon-system-hackpy/scripts/evaluation-worker-http.ts
2026-04-07T09:38:00:     at Module.<anonymous> (node:internal/modules/cjs/loader:1456:15)
2026-04-07T09:38:00:     at Module._resolveFilename.sharedData.moduleResolveFilenameHook.installedValue [as _resolveFilename] (/home/tarcin/hackathon-system-hackpy/node_modules/@cspotcode/source-map-support/source-map-support.js:811:30)
2026-04-07T09:38:00:     at Module.Hook._require.Module.require (/home/tarcin/.nvm/versions/node/v24.14.1/lib/node_modules/pm2/node_modules/require-in-the-middle/index.js:81:25)
2026-04-07T09:38:00:     at require (node:internal/modules/helpers:152:16)
2026-04-07T09:38:00:     at Object.<anonymous> (/home/tarcin/hackathon-system-hackpy/services/evaluationService.ts:2:1)
2026-04-07T09:38:00:     at Module._compile (node:internal/modules/cjs/loader:1812:14)
2026-04-07T09:38:00:     at Module.m._compile (/home/tarcin/hackathon-system-hackpy/node_modules/ts-node/src/index.ts:1618:23)
2026-04-07T09:38:00:     at node:internal/modules/cjs/loader:1943:10
2026-04-07T09:38:00:     at Object.require.extensions.<computed> [as .ts] (/home/tarcin/hackathon-system-hackpy/node_modules/ts-node/src/index.ts:1621:12)
2026-04-07T09:38:00:     at Module.load (node:internal/modules/cjs/loader:1533:32) {
2026-04-07T09:38:00:   code: 'MODULE_NOT_FOUND',
2026-04-07T09:38:00:   requireStack: [
2026-04-07T09:38:00:     '/home/tarcin/hackathon-system-hackpy/services/evaluationService.ts',
2026-04-07T09:38:00:     '/home/tarcin/hackathon-system-hackpy/services/evaluationQueue.ts',
2026-04-07T09:38:00:     '/home/tarcin/hackathon-system-hackpy/services/evaluationDispatchService.ts',
2026-04-07T09:38:00:     '/home/tarcin/hackathon-system-hackpy/scripts/evaluation-worker-http.ts'
2026-04-07T09:38:00:   ]
2026-04-07T09:38:00: }
2026-04-07T09:56:19: [EvalQueue] Evaluation failed for 8b5151a7-6603-4d80-9adf-a57c0f2e4a14: Error: Cannot find module '@/lib/pythonExecution'
2026-04-07T09:56:19: Require stack:
2026-04-07T09:56:19: - /home/tarcin/hackathon-system-hackpy/services/evaluationService.ts
2026-04-07T09:56:19: - /home/tarcin/hackathon-system-hackpy/services/evaluationQueue.ts
2026-04-07T09:56:19: - /home/tarcin/hackathon-system-hackpy/services/evaluationDispatchService.ts
2026-04-07T09:56:19: - /home/tarcin/hackathon-system-hackpy/scripts/evaluation-worker-http.ts
2026-04-07T09:56:19:     at Module.<anonymous> (node:internal/modules/cjs/loader:1456:15)
2026-04-07T09:56:19:     at Module._resolveFilename.sharedData.moduleResolveFilenameHook.installedValue [as _resolveFilename] (/home/tarcin/hackathon-system-hackpy/node_modules/@cspotcode/source-map-support/source-map-support.js:811:30)
2026-04-07T09:56:19:     at Module.Hook._require.Module.require (/home/tarcin/.nvm/versions/node/v24.14.1/lib/node_modules/pm2/node_modules/require-in-the-middle/index.js:81:25)
2026-04-07T09:56:19:     at require (node:internal/modules/helpers:152:16)
2026-04-07T09:56:19:     at Object.<anonymous> (/home/tarcin/hackathon-system-hackpy/services/evaluationService.ts:2:1)
2026-04-07T09:56:19:     at Module._compile (node:internal/modules/cjs/loader:1812:14)
2026-04-07T09:56:19:     at Module.m._compile (/home/tarcin/hackathon-system-hackpy/node_modules/ts-node/src/index.ts:1618:23)
2026-04-07T09:56:19:     at node:internal/modules/cjs/loader:1943:10
2026-04-07T09:56:19:     at Object.require.extensions.<computed> [as .ts] (/home/tarcin/hackathon-system-hackpy/node_modules/ts-node/src/index.ts:1621:12)
2026-04-07T09:56:19:     at Module.load (node:internal/modules/cjs/loader:1533:32) {
2026-04-07T09:56:19:   code: 'MODULE_NOT_FOUND',
2026-04-07T09:56:19:   requireStack: [
2026-04-07T09:56:19:     '/home/tarcin/hackathon-system-hackpy/services/evaluationService.ts',
2026-04-07T09:56:19:     '/home/tarcin/hackathon-system-hackpy/services/evaluationQueue.ts',
2026-04-07T09:56:19:     '/home/tarcin/hackathon-system-hackpy/services/evaluationDispatchService.ts',
2026-04-07T09:56:19:     '/home/tarcin/hackathon-system-hackpy/scripts/evaluation-worker-http.ts'
2026-04-07T09:56:19:   ]
2026-04-07T09:56:19: }
2026-04-07T10:08:07: [EvalQueue] Evaluation failed for 4615aa74-f08f-48c4-96dc-7764623a484e: Error: Cannot find module '@/lib/pythonExecution'
2026-04-07T10:08:07: Require stack:
2026-04-07T10:08:07: - /home/tarcin/hackathon-system-hackpy/services/evaluationService.ts
2026-04-07T10:08:07: - /home/tarcin/hackathon-system-hackpy/services/evaluationQueue.ts
2026-04-07T10:08:07: - /home/tarcin/hackathon-system-hackpy/services/evaluationDispatchService.ts
2026-04-07T10:08:07: - /home/tarcin/hackathon-system-hackpy/scripts/evaluation-worker-http.ts
2026-04-07T10:08:07:     at Module.<anonymous> (node:internal/modules/cjs/loader:1456:15)
2026-04-07T10:08:07:     at Module._resolveFilename.sharedData.moduleResolveFilenameHook.installedValue [as _resolveFilename] (/home/tarcin/hackathon-system-hackpy/node_modules/@cspotcode/source-map-support/source-map-support.js:811:30)
2026-04-07T10:08:07:     at Module.Hook._require.Module.require (/home/tarcin/.nvm/versions/node/v24.14.1/lib/node_modules/pm2/node_modules/require-in-the-middle/index.js:81:25)
2026-04-07T10:08:07:     at require (node:internal/modules/helpers:152:16)
2026-04-07T10:08:07:     at Object.<anonymous> (/home/tarcin/hackathon-system-hackpy/services/evaluationService.ts:2:1)
2026-04-07T10:08:07:     at Module._compile (node:internal/modules/cjs/loader:1812:14)
2026-04-07T10:08:07:     at Module.m._compile (/home/tarcin/hackathon-system-hackpy/node_modules/ts-node/src/index.ts:1618:23)
2026-04-07T10:08:07:     at node:internal/modules/cjs/loader:1943:10
2026-04-07T10:08:07:     at Object.require.extensions.<computed> [as .ts] (/home/tarcin/hackathon-system-hackpy/node_modules/ts-node/src/index.ts:1621:12)
2026-04-07T10:08:07:     at Module.load (node:internal/modules/cjs/loader:1533:32) {
2026-04-07T10:08:07:   code: 'MODULE_NOT_FOUND',
2026-04-07T10:08:07:   requireStack: [
2026-04-07T10:08:07:     '/home/tarcin/hackathon-system-hackpy/services/evaluationService.ts',
2026-04-07T10:08:07:     '/home/tarcin/hackathon-system-hackpy/services/evaluationQueue.ts',
2026-04-07T10:08:07:     '/home/tarcin/hackathon-system-hackpy/services/evaluationDispatchService.ts',
2026-04-07T10:08:07:     '/home/tarcin/hackathon-system-hackpy/scripts/evaluation-worker-http.ts'
2026-04-07T10:08:07:   ]
2026-04-07T10:08:07: }
2026-04-07T10:13:02: [EvalQueue] Evaluation failed for 7e0b1e05-a796-4997-bedc-a1c374bf4770: Error: Cannot find module '@/lib/pythonExecution'
2026-04-07T10:13:02: Require stack:
2026-04-07T10:13:02: - /home/tarcin/hackathon-system-hackpy/services/evaluationService.ts
2026-04-07T10:13:02: - /home/tarcin/hackathon-system-hackpy/services/evaluationQueue.ts
2026-04-07T10:13:02: - /home/tarcin/hackathon-system-hackpy/services/evaluationDispatchService.ts
2026-04-07T10:13:02: - /home/tarcin/hackathon-system-hackpy/scripts/evaluation-worker-http.ts
2026-04-07T10:13:02:     at Module.<anonymous> (node:internal/modules/cjs/loader:1456:15)
2026-04-07T10:13:02:     at Module._resolveFilename.sharedData.moduleResolveFilenameHook.installedValue [as _resolveFilename] (/home/tarcin/hackathon-system-hackpy/node_modules/@cspotcode/source-map-support/source-map-support.js:811:30)
2026-04-07T10:13:02:     at Module.Hook._require.Module.require (/home/tarcin/.nvm/versions/node/v24.14.1/lib/node_modules/pm2/node_modules/require-in-the-middle/index.js:81:25)
2026-04-07T10:13:02:     at require (node:internal/modules/helpers:152:16)
2026-04-07T10:13:02:     at Object.<anonymous> (/home/tarcin/hackathon-system-hackpy/services/evaluationService.ts:2:1)
2026-04-07T10:13:02:     at Module._compile (node:internal/modules/cjs/loader:1812:14)
2026-04-07T10:13:02:     at Module.m._compile (/home/tarcin/hackathon-system-hackpy/node_modules/ts-node/src/index.ts:1618:23)
2026-04-07T10:13:02:     at node:internal/modules/cjs/loader:1943:10
2026-04-07T10:13:02:     at Object.require.extensions.<computed> [as .ts] (/home/tarcin/hackathon-system-hackpy/node_modules/ts-node/src/index.ts:1621:12)
2026-04-07T10:13:02:     at Module.load (node:internal/modules/cjs/loader:1533:32) {
2026-04-07T10:13:02:   code: 'MODULE_NOT_FOUND',
2026-04-07T10:13:02:   requireStack: [
2026-04-07T10:13:02:     '/home/tarcin/hackathon-system-hackpy/services/evaluationService.ts',
2026-04-07T10:13:02:     '/home/tarcin/hackathon-system-hackpy/services/evaluationQueue.ts',
2026-04-07T10:13:02:     '/home/tarcin/hackathon-system-hackpy/services/evaluationDispatchService.ts',
2026-04-07T10:13:02:     '/home/tarcin/hackathon-system-hackpy/scripts/evaluation-worker-http.ts'
2026-04-07T10:13:02:   ]
2026-04-07T10:13:02: }
2026-04-07T10:18:57: [EvalQueue] Evaluation failed for 58a7e566-93c9-4597-bf9f-897d0b3d3b81: Error: Cannot find module '@/lib/pythonExecution'
2026-04-07T10:18:57: Require stack:
2026-04-07T10:18:57: - /home/tarcin/hackathon-system-hackpy/services/evaluationService.ts
2026-04-07T10:18:57: - /home/tarcin/hackathon-system-hackpy/services/evaluationQueue.ts
2026-04-07T10:18:57: - /home/tarcin/hackathon-system-hackpy/services/evaluationDispatchService.ts
2026-04-07T10:18:57: - /home/tarcin/hackathon-system-hackpy/scripts/evaluation-worker-http.ts
2026-04-07T10:18:57:     at Module.<anonymous> (node:internal/modules/cjs/loader:1456:15)
2026-04-07T10:18:57:     at Module._resolveFilename.sharedData.moduleResolveFilenameHook.installedValue [as _resolveFilename] (/home/tarcin/hackathon-system-hackpy/node_modules/@cspotcode/source-map-support/source-map-support.js:811:30)
2026-04-07T10:18:57:     at Module.Hook._require.Module.require (/home/tarcin/.nvm/versions/node/v24.14.1/lib/node_modules/pm2/node_modules/require-in-the-middle/index.js:81:25)
2026-04-07T10:18:57:     at require (node:internal/modules/helpers:152:16)
2026-04-07T10:18:57:     at Object.<anonymous> (/home/tarcin/hackathon-system-hackpy/services/evaluationService.ts:2:1)
2026-04-07T10:18:57:     at Module._compile (node:internal/modules/cjs/loader:1812:14)
2026-04-07T10:18:57:     at Module.m._compile (/home/tarcin/hackathon-system-hackpy/node_modules/ts-node/src/index.ts:1618:23)
2026-04-07T10:18:57:     at node:internal/modules/cjs/loader:1943:10
2026-04-07T10:18:57:     at Object.require.extensions.<computed> [as .ts] (/home/tarcin/hackathon-system-hackpy/node_modules/ts-node/src/index.ts:1621:12)
2026-04-07T10:18:57:     at Module.load (node:internal/modules/cjs/loader:1533:32) {
2026-04-07T10:18:57:   code: 'MODULE_NOT_FOUND',
2026-04-07T10:18:57:   requireStack: [
2026-04-07T10:18:57:     '/home/tarcin/hackathon-system-hackpy/services/evaluationService.ts',
2026-04-07T10:18:57:     '/home/tarcin/hackathon-system-hackpy/services/evaluationQueue.ts',
2026-04-07T10:18:57:     '/home/tarcin/hackathon-system-hackpy/services/evaluationDispatchService.ts',
2026-04-07T10:18:57:     '/home/tarcin/hackathon-system-hackpy/scripts/evaluation-worker-http.ts'
2026-04-07T10:18:57:   ]
2026-04-07T10:18:57: }
2026-04-07T10:19:42: [EvalQueue] Evaluation failed for 7551d7f8-2a21-461b-b1ae-b7b1affffafe: Error: Cannot find module '@/lib/pythonExecution'
2026-04-07T10:19:42: Require stack:
2026-04-07T10:19:42: - /home/tarcin/hackathon-system-hackpy/services/evaluationService.ts
2026-04-07T10:19:42: - /home/tarcin/hackathon-system-hackpy/services/evaluationQueue.ts
2026-04-07T10:19:42: - /home/tarcin/hackathon-system-hackpy/services/evaluationDispatchService.ts
2026-04-07T10:19:42: - /home/tarcin/hackathon-system-hackpy/scripts/evaluation-worker-http.ts
2026-04-07T10:19:42:     at Module.<anonymous> (node:internal/modules/cjs/loader:1456:15)
2026-04-07T10:19:42:     at Module._resolveFilename.sharedData.moduleResolveFilenameHook.installedValue [as _resolveFilename] (/home/tarcin/hackathon-system-hackpy/node_modules/@cspotcode/source-map-support/source-map-support.js:811:30)
2026-04-07T10:19:42:     at Module.Hook._require.Module.require (/home/tarcin/.nvm/versions/node/v24.14.1/lib/node_modules/pm2/node_modules/require-in-the-middle/index.js:81:25)
2026-04-07T10:19:42:     at require (node:internal/modules/helpers:152:16)
2026-04-07T10:19:42:     at Object.<anonymous> (/home/tarcin/hackathon-system-hackpy/services/evaluationService.ts:2:1)
2026-04-07T10:19:42:     at Module._compile (node:internal/modules/cjs/loader:1812:14)
2026-04-07T10:19:42:     at Module.m._compile (/home/tarcin/hackathon-system-hackpy/node_modules/ts-node/src/index.ts:1618:23)
2026-04-07T10:19:42:     at node:internal/modules/cjs/loader:1943:10
2026-04-07T10:19:42:     at Object.require.extensions.<computed> [as .ts] (/home/tarcin/hackathon-system-hackpy/node_modules/ts-node/src/index.ts:1621:12)
2026-04-07T10:19:42:     at Module.load (node:internal/modules/cjs/loader:1533:32) {
2026-04-07T10:19:42:   code: 'MODULE_NOT_FOUND',
2026-04-07T10:19:42:   requireStack: [
2026-04-07T10:19:42:     '/home/tarcin/hackathon-system-hackpy/services/evaluationService.ts',
2026-04-07T10:19:42:     '/home/tarcin/hackathon-system-hackpy/services/evaluationQueue.ts',
2026-04-07T10:19:42:     '/home/tarcin/hackathon-system-hackpy/services/evaluationDispatchService.ts',
2026-04-07T10:19:42:     '/home/tarcin/hackathon-system-hackpy/scripts/evaluation-worker-http.ts'
2026-04-07T10:19:42:   ]
2026-04-07T10:19:42: }
2026-04-07T10:20:58: [EvalQueue] Evaluation failed for 8acc160a-fefc-49ae-9499-e3a4110796c0: Error: Cannot find module '@/lib/pythonExecution'
2026-04-07T10:20:58: Require stack:
2026-04-07T10:20:58: - /home/tarcin/hackathon-system-hackpy/services/evaluationService.ts
2026-04-07T10:20:58: - /home/tarcin/hackathon-system-hackpy/services/evaluationQueue.ts
2026-04-07T10:20:58: - /home/tarcin/hackathon-system-hackpy/services/evaluationDispatchService.ts
2026-04-07T10:20:58: - /home/tarcin/hackathon-system-hackpy/scripts/evaluation-worker-http.ts
2026-04-07T10:20:58:     at Module.<anonymous> (node:internal/modules/cjs/loader:1456:15)
2026-04-07T10:20:58:     at Module._resolveFilename.sharedData.moduleResolveFilenameHook.installedValue [as _resolveFilename] (/home/tarcin/hackathon-system-hackpy/node_modules/@cspotcode/source-map-support/source-map-support.js:811:30)
2026-04-07T10:20:58:     at Module.Hook._require.Module.require (/home/tarcin/.nvm/versions/node/v24.14.1/lib/node_modules/pm2/node_modules/require-in-the-middle/index.js:81:25)
2026-04-07T10:20:58:     at require (node:internal/modules/helpers:152:16)
2026-04-07T10:20:58:     at Object.<anonymous> (/home/tarcin/hackathon-system-hackpy/services/evaluationService.ts:2:1)
2026-04-07T10:20:58:     at Module._compile (node:internal/modules/cjs/loader:1812:14)
2026-04-07T10:20:58:     at Module.m._compile (/home/tarcin/hackathon-system-hackpy/node_modules/ts-node/src/index.ts:1618:23)
2026-04-07T10:20:58:     at node:internal/modules/cjs/loader:1943:10
2026-04-07T10:20:58:     at Object.require.extensions.<computed> [as .ts] (/home/tarcin/hackathon-system-hackpy/node_modules/ts-node/src/index.ts:1621:12)
2026-04-07T10:20:58:     at Module.load (node:internal/modules/cjs/loader:1533:32) {
2026-04-07T10:20:58:   code: 'MODULE_NOT_FOUND',
2026-04-07T10:20:58:   requireStack: [
2026-04-07T10:20:58:     '/home/tarcin/hackathon-system-hackpy/services/evaluationService.ts',
2026-04-07T10:20:58:     '/home/tarcin/hackathon-system-hackpy/services/evaluationQueue.ts',
2026-04-07T10:20:58:     '/home/tarcin/hackathon-system-hackpy/services/evaluationDispatchService.ts',
2026-04-07T10:20:58:     '/home/tarcin/hackathon-system-hackpy/scripts/evaluation-worker-http.ts'
2026-04-07T10:20:58:   ]
2026-04-07T10:20:58: }
